----------------------------------------------------------------------------------------------------
------------------------------------ MegaLinter, by OX Security ------------------------------------
----------------------------------------------------------------------------------------------------
 - Image Creation Date: 2025-11-29T16:09:55Z
 - Image Revision: 55a59b24a441e0e1943080d4a512d827710d4a9d
 - Image Version: v9.2.0
----------------------------------------------------------------------------------------------------
The MegaLinter documentation can be found at:
 - https://megalinter.io/9.2.0
----------------------------------------------------------------------------------------------------
::group::MegaLinter initialization (expand for details)
MegaLinter will analyze workspace [/github/workspace]
GITHUB_REPOSITORY: Ven0m0/Ven0m0
GITHUB_REF: refs/heads/main
GITHUB_RUN_ID: 20559714619


JSON_ESLINT_PLUGIN_JSONC has been disabled in MegaLinter for the following reason: Bug in eslint-plugin-jsonc: <https://github.com/ota-meshi/eslint-plugin-jsonc/issues/328>
MAKEFILE_CHECKMAKE has been disabled in MegaLinter for the following reason: Security issues: <https://github.com/checkmake/checkmake/issues/99>
MARKDOWN_REMARK_LINT has been disabled in MegaLinter for the following reason: Bug in remark-lint: <https://github.com/remarkjs/remark-lint/issues/322>
PUPPET_PUPPET_LINT has been disabled in MegaLinter for the following reason: <https://github.com/puppetlabs/puppet-lint/issues/251>
SALESFORCE_LIGHTNING_FLOW_SCANNER has been disabled in MegaLinter for the following reason: Repo archived -> <https://github.com/Lightning-Flow-Scanner>
Skipped linters: ACTION_ACTIONLINT, ANSIBLE_ANSIBLE_LINT, API_SPECTRAL, ARM_ARM_TTK, BASH_EXEC, BICEP_BICEP_LINTER, CLOJURE_CLJSTYLE, CLOJURE_CLJ_KONDO, CLOUDFORMATION_CFN_LINT, COFFEE_COFFEELINT, COPYPASTE_JSCPD, CPP_CLANG_FORMAT, CPP_CPPCHECK, CPP_CPPLINT, CSHARP_CSHARPIER, CSHARP_DOTNET_FORMAT, CSHARP_ROSLYNATOR, CSS_STYLELINT, C_CLANG_FORMAT, C_CPPCHECK, C_CPPLINT, DART_DARTANALYZER, DOCKERFILE_HADOLINT, EDITORCONFIG_EDITORCONFIG_CHECKER, ENV_DOTENV_LINTER, GHERKIN_GHERKIN_LINT, GO_GOLANGCI_LINT, GO_REVIVE, GRAPHQL_GRAPHQL_SCHEMA_LINTER, GROOVY_NPM_GROOVY_LINT, HTML_DJLINT, HTML_HTMLHINT, JAVASCRIPT_ES, JAVASCRIPT_PRETTIER, JAVASCRIPT_STANDARD, JAVA_CHECKSTYLE, JAVA_PMD, JSON_ESLINT_PLUGIN_JSONC, JSON_JSONLINT, JSON_NPM_PACKAGE_JSON_LINT, JSON_V8R, JSX_ESLINT, KOTLIN_DETEKT, KOTLIN_KTLINT, KUBERNETES_HELM, KUBERNETES_KUBECONFORM, KUBERNETES_KUBESCAPE, LATEX_CHKTEX, LUA_LUACHECK, LUA_SELENE, LUA_STYLUA, MAKEFILE_CHECKMAKE, MARKDOWN_MARKDOWN_TABLE_FORMATTER, MARKDOWN_REMARK_LINT, PERL_PERLCRITIC, PHP_PHPCS, PHP_PHPCSFIXER, PHP_PHPLINT, PHP_PHPSTAN, PHP_PSALM, POWERSHELL_POWERSHELL, POWERSHELL_POWERSHELL_FORMATTER, PROTOBUF_PROTOLINT, PUPPET_PUPPET_LINT, PYTHON_BANDIT, PYTHON_FLAKE8, PYTHON_MYPY, PYTHON_PYRIGHT, PYTHON_RUFF, PYTHON_RUFF_FORMAT, RAKU_RAKU, REPOSITORY_CHECKOV, REPOSITORY_DEVSKIM, REPOSITORY_DUSTILOCK, REPOSITORY_GITLEAKS, REPOSITORY_GIT_DIFF, REPOSITORY_GRYPE, REPOSITORY_KICS, REPOSITORY_LS_LINT, REPOSITORY_SECRETLINT, REPOSITORY_SEMGREP, REPOSITORY_SYFT, REPOSITORY_TRIVY, REPOSITORY_TRIVY_SBOM, REPOSITORY_TRUFFLEHOG, ROBOTFRAMEWORK_ROBOCOP, RST_RSTCHECK, RST_RSTFMT, RST_RST_LINT, RUBY_RUBOCOP, RUST_CLIPPY, R_LINTR, SALESFORCE_CODE_ANALYZER_APEX, SALESFORCE_CODE_ANALYZER_AURA, SALESFORCE_CODE_ANALYZER_LWC, SALESFORCE_LIGHTNING_FLOW_SCANNER, SALESFORCE_SFDX_SCANNER_APEX, SALESFORCE_SFDX_SCANNER_AURA, SALESFORCE_SFDX_SCANNER_LWC, SCALA_SCALAFIX, SNAKEMAKE_LINT, SNAKEMAKE_SNAKEFMT, SPELL_CSPELL, SPELL_LYCHEE, SPELL_PROSELINT, SPELL_VALE, SQL_SQLFLUFF, SQL_TSQLLINT, SWIFT_SWIFTLINT, TEKTON_TEKTON_LINT, TERRAFORM_TERRAFORM_FMT, TERRAFORM_TERRAGRUNT, TERRAFORM_TERRASCAN, TERRAFORM_TFLINT, TSX_ESLINT, TYPESCRIPT_ES, TYPESCRIPT_PRETTIER, TYPESCRIPT_STANDARD, VBDOTNET_DOTNET_FORMAT, XML_XMLLINT, YAML_V8R
To receive reports as email, please set variable EMAIL_REPORTER_EMAIL
[ApiReporter] Not enabled as API_REPORTER is not defined to true
::endgroup::
::group::MegaLinter now collects the files to analyse (expand for details)
Listing all files in directory [/github/workspace], then filter with:
- File extensions: , .bash, .dash, .ipynb, .json, .ksh, .md, .pxd, .py, .pyi, .pyx, .sh, .yaml, .yml
- Excluding regex: (megalinter-reports/)
- Excluding .gitignored files [0]: 
Kept [16] files on [16] found files

+----MATCHING LINTERS-------+--------------------+----------------+------------+
| Descriptor | Linter       | Criteria           | Matching files | Format/Fix |
+------------+--------------+--------------------+----------------+------------+
| PYTHON     | pylint       | .py|.pyi           | 1              | yes        |
| PYTHON     | black        | .py|.pyi|.ipynb    | 1              | yes        |
| PYTHON     | isort        | .py|.pyi|.pyx|.pxd | 1              | yes        |
| MARKDOWN   | markdownlint | .md                | 2              | yes        |
| YAML       | prettier     | .yml|.yaml         | 9              | yes        |
| YAML       | yamllint     | .yml|.yaml         | 9              | yes        |
+------------+--------------+--------------------+----------------+------------+
::endgroup::
Processing linters on [4] parallel cores… (can be decreased with variable PARALLEL_PROCESS_NUMBER in case of performance issues)
::group::[32m✅ Linted [YAML] files with [prettier] successfully - (0.71s)[0m (expand for details)
- Using [prettier v3.6.2] https://megalinter.io/9.2.0/descriptors/yaml_prettier
- MegaLinter key: [YAML_PRETTIER]
- Rules config: identified by [prettier]
- Number of files analyzed: [9]
- Command: [prettier --write .github/actions/git-auto-commit/action.yml .github/dependabot.yml .github/workflows/dependabot-auto-merge.yml .github/workflows/github-stats.yml .github/workflows/image-optimizer.yml .github/workflows/megalinter.yml .github/workflows...(truncated)]
::endgroup::
::group::[33m⚠️ Linted [MARKDOWN] files with [markdownlint]: Found 2 non blocking error(s) and 0 non blocking warning(s) - (0.78s)[0m (expand for details)
- Using [markdownlint v0.45.0] https://megalinter.io/9.2.0/descriptors/markdown_markdownlint
- MegaLinter key: [MARKDOWN_MARKDOWNLINT]
- Rules config: [.markdownlint.json]
- Number of files analyzed: [2]
- Command: [markdownlint --fix -c /action/lib/.automation/.markdownlint.json README-bak.md README.md]
--Error detail:
README-bak.md:1 MD041/first-line-heading/first-line-h1 First line in a file should be a top-level heading [Context: "<div align="center">"]
README.md:1 MD041/first-line-heading/first-line-h1 First line in a file should be a top-level heading [Context: "<div align="center">"]

::endgroup::
::group::[32m✅ Linted [YAML] files with [yamllint] successfully - (0.36s)[0m (expand for details)
- Using [yamllint v1.37.1] https://megalinter.io/9.2.0/descriptors/yaml_yamllint
- MegaLinter key: [YAML_YAMLLINT]
- Rules config: [.yamllint.yml]
- Number of files analyzed: [9]
- Command: [yamllint --format standard -c /action/lib/.automation/.yamllint.yml .github/actions/git-auto-commit/action.yml .github/dependabot.yml .github/workflows/dependabot-auto-merge.yml .github/workflows/github-stats.yml .github/workflows/image-optimizer.yml...(truncated)]
::endgroup::
::group::[32m✅ Linted [PYTHON] files with [pylint] successfully - (5.07s)[0m (expand for details)
- Using [pylint v4.0.3] https://megalinter.io/9.2.0/descriptors/python_pylint
- MegaLinter key: [PYTHON_PYLINT]
- Rules config: [.pylintrc]
- Number of files analyzed: [1]
- Command: [pylint --rcfile /action/lib/.automation/.pylintrc scripts/update_profile_activity.py]
::endgroup::
::group::[32m✅ Linted [PYTHON] files with [black] successfully - (0.79s)[0m (expand for details)
- Using [black v25.11.0] https://megalinter.io/9.2.0/descriptors/python_black
- MegaLinter key: [PYTHON_BLACK]
- Rules config: [pyproject.toml]
- Number of files analyzed: [1]
- Command: [black --config /action/lib/.automation/pyproject.toml scripts/update_profile_activity.py]
::endgroup::
::group::[32m✅ Linted [PYTHON] files with [isort] successfully - (0.16s)[0m (expand for details)
- Using [isort v7.0.0] https://megalinter.io/9.2.0/descriptors/python_isort
- MegaLinter key: [PYTHON_ISORT]
- Rules config: [.isort.cfg]
- Number of files analyzed: [1]
- Command: [isort --profile black --settings-file /action/lib/.automation/.isort.cfg scripts/update_profile_activity.py]
::endgroup::
[MARKDOWN_SUMMARY Reporter] Generated MARKDOWN_SUMMARY report: /github/workspace/megalinter-reports/megalinter-report.md
[MARKDOWN_SUMMARY Reporter] Also appended to GITHUB_STEP_SUMMARY: /github/file_commands/step_summary_00f13bdc-3d03-4b65-89c8-7c3515a89fbb
[Updated Sources Reporter] copied 1 fixed source files in folder /github/workspace/megalinter-reports/updated_sources.

+----SUMMARY--+--------------+---------------+-------+-------+--------+----------+--------------+
| Descriptor  | Linter       | Mode          | Files | Fixed | Errors | Warnings | Elapsed time |
+-------------+--------------+---------------+-------+-------+--------+----------+--------------+
| ⚠️ MARKDOWN | markdownlint | list_of_files |     2 |     0 |      2 |        0 | 0.78s        |
| ✅ PYTHON   | black        | list_of_files |     1 |     1 |      0 |        0 | 0.79s        |
| ✅ PYTHON   | isort        | list_of_files |     1 |     1 |      0 |        0 | 0.16s        |
| ✅ PYTHON   | pylint       | list_of_files |     1 |       |      0 |        0 | 5.07s        |
| ✅ YAML     | prettier     | list_of_files |     9 |     0 |      0 |        0 | 0.71s        |
| ✅ YAML     | yamllint     | list_of_files |     9 |       |      0 |        0 | 0.36s        |
+-------------+--------------+---------------+-------+-------+--------+----------+--------------+

[34mYou could have same capabilities but better runtime performances if you use a MegaLinter flavor:[0m
- [python] oxsecurity/megalinter/flavors/python@v9 (65 linters) https://megalinter.io/9.2.0/flavors/python/
- [cupcake] oxsecurity/megalinter/flavors/cupcake@v9 (88 linters) https://megalinter.io/9.2.0/flavors/cupcake/
[34mYour project could benefit from a custom flavor, which would allow you to run only the linters you need, and thus improve runtime performances. (Skip this info by defining `FLAVOR_SUGGESTIONS: false`)
[0m- Documentation: https://megalinter.io/9.2.0/custom-flavors/
- Command: `npx mega-linter-runner@9.2.0 --custom-flavor-setup --custom-flavor-linters PYTHON_PYLINT,PYTHON_BLACK,PYTHON_ISORT,MARKDOWN_MARKDOWNLINT,YAML_PRETTIER,YAML_YAMLLINT`

[33m⚠️ Successfully linted all files, but with ignored errors[0m
